<?xml version="1.0" encoding="UTF-8"?>
<!-- Generated by org.testng.reporters.JUnitXMLReporter -->
<testsuite ignored="0" hostname="APT04-1DKF7G3" failures="0" tests="2" name="ErrorValidation" time="3.571" errors="0" timestamp="2024-04-15T09:42:30 IST">
  <testcase classname="BhanuFrameworkPractice.FrameworkTest.ErrorValidation" name="fourthTest" time="0.0">
    <skipped/>
  </testcase> <!-- fourthTest -->
  <testcase classname="BhanuFrameworkPractice.FrameworkTest.ErrorValidation" name="secondTest" time="0.0">
    <skipped/>
  </testcase> <!-- secondTest -->
</testsuite> <!-- ErrorValidation -->
